# JRE version: OpenJDK Runtime Environment (8.0_242-b01) (build 1.8.0_242-release-1644-b01)
# Java VM: OpenJDK 64-Bit Server VM (25.242-b01 mixed mode windows-amd64 compressed oops)
Heap:
 PSYoungGen      total 188928K, used 3432K [0x000000076b600000, 0x0000000778280000, 0x00000007c0000000)
  eden space 178176K, 1% used [0x000000076b600000,0x000000076b95a3d0,0x0000000776400000)
  from space 10752K, 0% used [0x0000000776d80000,0x0000000776d80000,0x0000000777800000)
  to   space 10752K, 0% used [0x0000000777800000,0x0000000777800000,0x0000000778280000)
 ParOldGen       total 115712K, used 30209K [0x00000006c2200000, 0x00000006c9300000, 0x000000076b600000)
  object space 115712K, 26% used [0x00000006c2200000,0x00000006c3f804f0,0x00000006c9300000)
 Metaspace       used 42757K, capacity 43522K, committed 43824K, reserved 1089536K
  class space    used 5235K, capacity 5389K, committed 5424K, reserved 1048576K
GC Heap History (10 events):
Event: 1.777 GC heap before
{Heap before GC invocations=4 (full 1):
 PSYoungGen      total 140800K, used 89964K [0x000000076b600000, 0x0000000774a00000, 0x00000007c0000000)
  eden space 130048K, 69% used [0x000000076b600000,0x0000000770ddb358,0x0000000773500000)
  from space 10752K, 0% used [0x0000000773f80000,0x0000000773f80000,0x0000000774a00000)
  to   space 10752K, 0% used [0x0000000773500000,0x0000000773500000,0x0000000773f80000)
 ParOldGen       total 115712K, used 9380K [0x00000006c2200000, 0x00000006c9300000, 0x000000076b600000)
  object space 115712K, 8% used [0x00000006c2200000,0x00000006c2b29288,0x00000006c9300000)
 Metaspace       used 34741K, capacity 35273K, committed 35496K, reserved 1081344K
  class space    used 4439K, capacity 4591K, committed 4656K, reserved 1048576K
Event: 1.789 GC heap after
Heap after GC invocations=4 (full 1):
 PSYoungGen      total 140800K, used 10734K [0x000000076b600000, 0x0000000778280000, 0x00000007c0000000)
  eden space 130048K, 0% used [0x000000076b600000,0x000000076b600000,0x0000000773500000)
  from space 10752K, 99% used [0x0000000773500000,0x0000000773f7ba50,0x0000000773f80000)
  to   space 10752K, 0% used [0x0000000777800000,0x0000000777800000,0x0000000778280000)
 ParOldGen       total 115712K, used 21158K [0x00000006c2200000, 0x00000006c9300000, 0x000000076b600000)
  object space 115712K, 18% used [0x00000006c2200000,0x00000006c36a9998,0x00000006c9300000)
 Metaspace       used 34741K, capacity 35273K, committed 35496K, reserved 1081344K
  class space    used 4439K, capacity 4591K, committed 4656K, reserved 1048576K
}
Event: 1.789 GC heap before
{Heap before GC invocations=5 (full 2):
 PSYoungGen      total 140800K, used 10734K [0x000000076b600000, 0x0000000778280000, 0x00000007c0000000)
  eden space 130048K, 0% used [0x000000076b600000,0x000000076b600000,0x0000000773500000)
  from space 10752K, 99% used [0x0000000773500000,0x0000000773f7ba50,0x0000000773f80000)
  to   space 10752K, 0% used [0x0000000777800000,0x0000000777800000,0x0000000778280000)
 ParOldGen       total 115712K, used 21158K [0x00000006c2200000, 0x00000006c9300000, 0x000000076b600000)
  object space 115712K, 18% used [0x00000006c2200000,0x00000006c36a9998,0x00000006c9300000)
 Metaspace       used 34741K, capacity 35273K, committed 35496K, reserved 1081344K
  class space    used 4439K, capacity 4591K, committed 4656K, reserved 1048576K
Event: 1.817 GC heap after
Heap after GC invocations=5 (full 2):
 PSYoungGen      total 140800K, used 0K [0x000000076b600000, 0x0000000778280000, 0x00000007c0000000)
  eden space 130048K, 0% used [0x000000076b600000,0x000000076b600000,0x0000000773500000)
  from space 10752K, 0% used [0x0000000773500000,0x0000000773500000,0x0000000773f80000)
  to   space 10752K, 0% used [0x0000000777800000,0x0000000777800000,0x0000000778280000)
 ParOldGen       total 115712K, used 27506K [0x00000006c2200000, 0x00000006c9300000, 0x000000076b600000)
  object space 115712K, 23% used [0x00000006c2200000,0x00000006c3cdc960,0x00000006c9300000)
 Metaspace       used 34741K, capacity 35273K, committed 35496K, reserved 1081344K
  class space    used 4439K, capacity 4591K, committed 4656K, reserved 1048576K
}
Event: 2.739 GC heap before
{Heap before GC invocations=6 (full 2):
 PSYoungGen      total 140800K, used 130048K [0x000000076b600000, 0x0000000778280000, 0x00000007c0000000)
  eden space 130048K, 100% used [0x000000076b600000,0x0000000773500000,0x0000000773500000)
  from space 10752K, 0% used [0x0000000773500000,0x0000000773500000,0x0000000773f80000)
  to   space 10752K, 0% used [0x0000000777800000,0x0000000777800000,0x0000000778280000)
 ParOldGen       total 115712K, used 27506K [0x00000006c2200000, 0x00000006c9300000, 0x000000076b600000)
  object space 115712K, 23% used [0x00000006c2200000,0x00000006c3cdc960,0x00000006c9300000)
 Metaspace       used 42004K, capacity 42712K, committed 43056K, reserved 1087488K
  class space    used 5139K, capacity 5316K, committed 5424K, reserved 1048576K
Event: 2.751 GC heap after
Heap after GC invocations=6 (full 2):
 PSYoungGen      total 188928K, used 10751K [0x000000076b600000, 0x0000000778280000, 0x00000007c0000000)
  eden space 178176K, 0% used [0x000000076b600000,0x000000076b600000,0x0000000776400000)
  from space 10752K, 99% used [0x0000000777800000,0x000000077827fe80,0x0000000778280000)
  to   space 10752K, 0% used [0x0000000776d80000,0x0000000776d80000,0x0000000777800000)
 ParOldGen       total 115712K, used 40195K [0x00000006c2200000, 0x00000006c9300000, 0x000000076b600000)
  object space 115712K, 34% used [0x00000006c2200000,0x00000006c4940c58,0x00000006c9300000)
 Metaspace       used 42004K, capacity 42712K, committed 43056K, reserved 1087488K
  class space    used 5139K, capacity 5316K, committed 5424K, reserved 1048576K
}
Event: 2.813 GC heap before
{Heap before GC invocations=7 (full 2):
 PSYoungGen      total 188928K, used 21807K [0x000000076b600000, 0x0000000778280000, 0x00000007c0000000)
  eden space 178176K, 6% used [0x000000076b600000,0x000000076c0cbfc0,0x0000000776400000)
  from space 10752K, 99% used [0x0000000777800000,0x000000077827fe80,0x0000000778280000)
  to   space 10752K, 0% used [0x0000000776d80000,0x0000000776d80000,0x0000000777800000)
 ParOldGen       total 115712K, used 40195K [0x00000006c2200000, 0x00000006c9300000, 0x000000076b600000)
  object space 115712K, 34% used [0x00000006c2200000,0x00000006c4940c58,0x00000006c9300000)
 Metaspace       used 42672K, capacity 43392K, committed 43568K, reserved 1091584K
  class space    used 5221K, capacity 5388K, committed 5424K, reserved 1048576K
Event: 2.820 GC heap after
Heap after GC invocations=7 (full 2):
 PSYoungGen      total 188928K, used 10723K [0x000000076b600000, 0x0000000778280000, 0x00000007c0000000)
  eden space 178176K, 0% used [0x000000076b600000,0x000000076b600000,0x0000000776400000)
  from space 10752K, 99% used [0x0000000776d80000,0x00000007777f8f88,0x0000000777800000)
  to   space 10752K, 0% used [0x0000000777800000,0x0000000777800000,0x0000000778280000)
 ParOldGen       total 115712K, used 41195K [0x00000006c2200000, 0x00000006c9300000, 0x000000076b600000)
  object space 115712K, 35% used [0x00000006c2200000,0x00000006c4a3af90,0x00000006c9300000)
 Metaspace       used 42672K, capacity 43392K, committed 43568K, reserved 1091584K
  class space    used 5221K, capacity 5388K, committed 5424K, reserved 1048576K
}
Event: 2.820 GC heap before
{Heap before GC invocations=8 (full 3):
 PSYoungGen      total 188928K, used 10723K [0x000000076b600000, 0x0000000778280000, 0x00000007c0000000)
  eden space 178176K, 0% used [0x000000076b600000,0x000000076b600000,0x0000000776400000)
  from space 10752K, 99% used [0x0000000776d80000,0x00000007777f8f88,0x0000000777800000)
  to   space 10752K, 0% used [0x0000000777800000,0x0000000777800000,0x0000000778280000)
 ParOldGen       total 115712K, used 41195K [0x00000006c2200000, 0x00000006c9300000, 0x000000076b600000)
  object space 115712K, 35% used [0x00000006c2200000,0x00000006c4a3af90,0x00000006c9300000)
 Metaspace       used 42672K, capacity 43392K, committed 43568K, reserved 1091584K
  class space    used 5221K, capacity 5388K, committed 5424K, reserved 1048576K
Event: 2.921 GC heap after
Heap after GC invocations=8 (full 3):
 PSYoungGen      total 188928K, used 0K [0x000000076b600000, 0x0000000778280000, 0x00000007c0000000)
  eden space 178176K, 0% used [0x000000076b600000,0x000000076b600000,0x0000000776400000)
  from space 10752K, 0% used [0x0000000776d80000,0x0000000776d80000,0x0000000777800000)
  to   space 10752K, 0% used [0x0000000777800000,0x0000000777800000,0x0000000778280000)
 ParOldGen       total 115712K, used 30209K [0x00000006c2200000, 0x00000006c9300000, 0x000000076b600000)
  object space 115712K, 26% used [0x00000006c2200000,0x00000006c3f804f0,0x00000006c9300000)
 Metaspace       used 42672K, capacity 43392K, committed 43568K, reserved 1089536K
  class space    used 5221K, capacity 5388K, committed 5424K, reserved 1048576K
}

